[0m17:30:46.632495 [debug] [MainThread]: Sending event: {'category': 'dbt', 'action': 'invocation', 'label': 'start', 'context': [<snowplow_tracker.self_describing_json.SelfDescribingJson object at 0x10af357c0>, <snowplow_tracker.self_describing_json.SelfDescribingJson object at 0x10b983050>, <snowplow_tracker.self_describing_json.SelfDescribingJson object at 0x10b982cc0>]}


============================== 17:30:46.647157 | aa732af0-1bea-4961-81ed-559150309a8b ==============================
[0m17:30:46.647157 [info ] [MainThread]: Running with dbt=1.8.7
[0m17:30:46.647955 [debug] [MainThread]: running dbt with arguments {'printer_width': '80', 'indirect_selection': 'eager', 'write_json': 'True', 'log_cache_events': 'False', 'partial_parse': 'True', 'cache_selected_only': 'False', 'warn_error': 'None', 'debug': 'False', 'profiles_dir': '/Users/jason.tapia/.dbt', 'log_path': 'logs', 'fail_fast': 'False', 'version_check': 'True', 'use_colors': 'True', 'use_experimental_parser': 'False', 'empty': 'None', 'quiet': 'False', 'no_print': 'None', 'log_format': 'default', 'introspect': 'True', 'invocation_command': 'dbt init', 'static_parser': 'True', 'target_path': 'None', 'warn_error_options': 'WarnErrorOptions(include=[], exclude=[])', 'send_anonymous_usage_stats': 'True'}
[0m17:30:46.714392 [warn ] [MainThread]: [ConfigFolderDirectory]: Unable to parse dict {'dir': PosixPath('/Users/jason.tapia/.dbt')}
[0m17:30:46.714957 [info ] [MainThread]: Creating dbt configuration folder at 
[0m17:31:04.519948 [debug] [MainThread]: Starter project path: /Users/jason.tapia/Documents/ejercicio/dbt-env/lib/python3.12/site-packages/dbt/include/starter_project
[0m17:31:04.562057 [info ] [MainThread]: 
Your new dbt project "ejercicio" was created!

For more information on how to configure the profiles.yml file,
please consult the dbt documentation here:

  https://docs.getdbt.com/docs/configure-your-profile

One more thing:

Need help? Don't hesitate to reach out to us via GitHub issues or on Slack:

  https://community.getdbt.com/

Happy modeling!

[0m17:31:04.562667 [info ] [MainThread]: Setting up your profile.
[0m17:33:04.674991 [info ] [MainThread]: Profile ejercicio written to /Users/jason.tapia/.dbt/profiles.yml using target's profile_template.yml and your supplied values. Run 'dbt debug' to validate the connection.
[0m17:33:04.688126 [debug] [MainThread]: Resource report: {"command_name": "init", "command_success": true, "command_wall_clock_time": 138.14589, "process_user_time": 2.112355, "process_kernel_time": 0.545068, "process_mem_max_rss": "170037248", "process_in_blocks": "0", "process_out_blocks": "0"}
[0m17:33:04.688927 [debug] [MainThread]: Command `dbt init` succeeded at 17:33:04.688769 after 138.15 seconds
[0m17:33:04.689476 [debug] [MainThread]: Sending event: {'category': 'dbt', 'action': 'invocation', 'label': 'end', 'context': [<snowplow_tracker.self_describing_json.SelfDescribingJson object at 0x10b982f00>, <snowplow_tracker.self_describing_json.SelfDescribingJson object at 0x111def110>, <snowplow_tracker.self_describing_json.SelfDescribingJson object at 0x10d13d3a0>]}
[0m17:33:04.690038 [debug] [MainThread]: Flushing usage events
